<?xml version="1.0" encoding="UTF-8"?>
<!-- Generated by org.testng.reporters.JUnitReportReporter -->
<testsuite hostname="DESKTOP-4EVT69D" name="TestRunner.MyRunner" tests="1" failures="0" timestamp="17 Oct 2021 14:03:53 GMT" time="38.951" errors="0">
  <testcase name="feature" time="38.951" classname="TestRunner.MyRunner"/>
</testsuite> <!-- TestRunner.MyRunner -->
